<?xml version="1.0" encoding="UTF-8"?>
<!-- Generated by org.testng.reporters.JUnitXMLReporter -->
<testsuite ignored="2" hostname="DESKTOP-DNDR8AF" failures="0" tests="5" name="Demo Form Page" time="71.444" errors="0" timestamp="2024-03-03T23:50:01 IST">
  <testcase classname="Tests.HomePageTest" name="verifyPageUrl" time="2.074"/>
  <testcase classname="Tests.HomePageTest" name="verifyAllThePageLinks" time="34.986"/>
  <testcase classname="Tests.HomePageTest" name="verifyAllTheLinkInProduct" time="8.407"/>
  <testcase classname="Tests.DemoFormTest" name="E2ETestForFillForm" time="20.011"/>
  <testcase classname="Tests.DemoFormTest" name="VerifylinkEntrata" time="5.474"/>
  <testcase classname="Tests.BaseTest" name="@BeforeSuite launchbrowser" time="0.0">
    <ignored/>
  </testcase> <!-- @BeforeSuite launchbrowser -->
  <testcase classname="Tests.BaseTest" name="@AfterTest tear" time="0.0">
    <ignored/>
  </testcase> <!-- @AfterTest tear -->
</testsuite> <!-- Demo Form Page -->
